<?xml version="1.0" encoding="UTF-8"?>
<!-- Generated by org.testng.reporters.JUnitReportReporter -->
<testsuite hostname="DESKTOP-GBM2HHG" failures="0" tests="2" name="pac1.ContactTest" time="0.015" errors="0" timestamp="04 Jun 2025 06:57:43 GMT" skipped="0">
  <testcase classname="pac1.ContactTest" name="modifycontactTest" time="0.000"/>
  <testcase classname="pac1.ContactTest" name="createcontactTest" time="0.015"/>
</testsuite> <!-- pac1.ContactTest -->
